<?xml version="1.0" encoding="UTF-8"?>
<!-- Generated by org.testng.reporters.JUnitReportReporter -->
<testsuite hostname="DESKTOP-RDCRTPS" failures="0" tests="1" name="testScripts.SearchBrowser" time="20.952" errors="0" timestamp="2022-12-29T23:10:40 PST" skipped="0">
  <testcase classname="testScripts.SearchBrowser" name="openapplication" time="20.952"/>
  <system-out/>
</testsuite> <!-- testScripts.SearchBrowser -->
