<?xml version="1.0" encoding="UTF-8"?>
<!-- Generated by org.testng.reporters.JUnitReportReporter -->
<testsuite hostname="DESKTOP-RDCRTPS" failures="0" tests="1" name="testScripts.VerifyLoginfunctionality" time="6.629" errors="0" timestamp="2022-12-30T04:10:59 PST" skipped="0">
  <testcase classname="testScripts.VerifyLoginfunctionality" name="verifylogin" time="6.629"/>
  <system-out/>
</testsuite> <!-- testScripts.VerifyLoginfunctionality -->
